# JRE version: OpenJDK Runtime Environment Temurin-21.0.10+7 (21.0.10+7) (build 21.0.10+7-LTS)
# Java VM: OpenJDK 64-Bit Server VM Temurin-21.0.10+7 (21.0.10+7-LTS, mixed mode, sharing, tiered, compressed oops, compressed class ptrs, parallel gc, windows-amd64)
GC Precious Log:
 CardTable entry size: 512
 CPUs: 14 total, 14 available
 Memory: 15836M
 Large Page Support: Disabled
 NUMA Support: Disabled
 Compressed Oops: Enabled (32-bit)
 Alignments: Space 512K, Generation 512K, Heap 2M
 Heap Min Capacity: 100M
 Heap Initial Capacity: 100M
 Heap Max Capacity: 2G
 Pre-touch: Disabled
 Parallel Workers: 11
Heap:
 PSYoungGen      total 9728K, used 9512K [0x00000000d5580000, 0x00000000d6380000, 0x0000000100000000)
  eden space 8704K, 99% used [0x00000000d5580000,0x00000000d5dffe08,0x00000000d5e00000)
  from space 1024K, 78% used [0x00000000d5f80000,0x00000000d604a310,0x00000000d6080000)
  to   space 2048K, 0% used [0x00000000d6180000,0x00000000d6180000,0x00000000d6380000)
 ParOldGen       total 797696K, used 797431K [0x0000000080000000, 0x00000000b0b00000, 0x00000000d5580000)
  object space 797696K, 99% used [0x0000000080000000,0x00000000b0abdf80,0x00000000b0b00000)
 Metaspace       used 107780K, committed 109632K, reserved 1179648K
  class space    used 10108K, committed 11008K, reserved 1048576K
GC Heap History (20 events):
Event: 40138.329 GC heap before
{Heap before GC invocations=68433 (full 59):
 PSYoungGen      total 9216K, used 8992K [0x00000000d5580000, 0x00000000d6280000, 0x0000000100000000)
  eden space 8704K, 100% used [0x00000000d5580000,0x00000000d5e00000,0x00000000d5e00000)
  from space 512K, 56% used [0x00000000d5e80000,0x00000000d5ec8000,0x00000000d5f00000)
  to   space 1536K, 0% used [0x00000000d6100000,0x00000000d6100000,0x00000000d6280000)
 ParOldGen       total 783872K, used 783690K [0x0000000080000000, 0x00000000afd80000, 0x00000000d5580000)
  object space 783872K, 99% used [0x0000000080000000,0x00000000afd52b08,0x00000000afd80000)
 Metaspace       used 107780K, committed 109632K, reserved 1179648K
  class space    used 10108K, committed 11008K, reserved 1048576K
}
Event: 40138.331 GC heap after
{Heap after GC invocations=68433 (full 59):
 PSYoungGen      total 9216K, used 328K [0x00000000d5580000, 0x00000000d6180000, 0x0000000100000000)
  eden space 8704K, 0% used [0x00000000d5580000,0x00000000d5580000,0x00000000d5e00000)
  from space 512K, 64% used [0x00000000d6100000,0x00000000d6152310,0x00000000d6180000)
  to   space 512K, 0% used [0x00000000d5e80000,0x00000000d5e80000,0x00000000d5f00000)
 ParOldGen       total 783872K, used 783722K [0x0000000080000000, 0x00000000afd80000, 0x00000000d5580000)
  object space 783872K, 99% used [0x0000000080000000,0x00000000afd5ab08,0x00000000afd80000)
 Metaspace       used 107780K, committed 109632K, reserved 1179648K
  class space    used 10108K, committed 11008K, reserved 1048576K
}
Event: 40138.350 GC heap before
{Heap before GC invocations=68434 (full 59):
 PSYoungGen      total 9216K, used 9032K [0x00000000d5580000, 0x00000000d6180000, 0x0000000100000000)
  eden space 8704K, 100% used [0x00000000d5580000,0x00000000d5e00000,0x00000000d5e00000)
  from space 512K, 64% used [0x00000000d6100000,0x00000000d6152310,0x00000000d6180000)
  to   space 512K, 0% used [0x00000000d5e80000,0x00000000d5e80000,0x00000000d5f00000)
 ParOldGen       total 783872K, used 783722K [0x0000000080000000, 0x00000000afd80000, 0x00000000d5580000)
  object space 783872K, 99% used [0x0000000080000000,0x00000000afd5ab08,0x00000000afd80000)
 Metaspace       used 107780K, committed 109632K, reserved 1179648K
  class space    used 10108K, committed 11008K, reserved 1048576K
}
Event: 40138.351 GC heap after
{Heap after GC invocations=68434 (full 59):
 PSYoungGen      total 9216K, used 506K [0x00000000d5580000, 0x00000000d6180000, 0x0000000100000000)
  eden space 8704K, 0% used [0x00000000d5580000,0x00000000d5580000,0x00000000d5e00000)
  from space 512K, 98% used [0x00000000d5e80000,0x00000000d5efe930,0x00000000d5f00000)
  to   space 1024K, 0% used [0x00000000d6080000,0x00000000d6080000,0x00000000d6180000)
 ParOldGen       total 783872K, used 783859K [0x0000000080000000, 0x00000000afd80000, 0x00000000d5580000)
  object space 783872K, 99% used [0x0000000080000000,0x00000000afd7ce18,0x00000000afd80000)
 Metaspace       used 107780K, committed 109632K, reserved 1179648K
  class space    used 10108K, committed 11008K, reserved 1048576K
}
Event: 40138.570 GC heap before
{Heap before GC invocations=68435 (full 59):
 PSYoungGen      total 9216K, used 9210K [0x00000000d5580000, 0x00000000d6180000, 0x0000000100000000)
  eden space 8704K, 100% used [0x00000000d5580000,0x00000000d5e00000,0x00000000d5e00000)
  from space 512K, 98% used [0x00000000d5e80000,0x00000000d5efe930,0x00000000d5f00000)
  to   space 1024K, 0% used [0x00000000d6080000,0x00000000d6080000,0x00000000d6180000)
 ParOldGen       total 783872K, used 783859K [0x0000000080000000, 0x00000000afd80000, 0x00000000d5580000)
  object space 783872K, 99% used [0x0000000080000000,0x00000000afd7ce18,0x00000000afd80000)
 Metaspace       used 107780K, committed 109632K, reserved 1179648K
  class space    used 10108K, committed 11008K, reserved 1048576K
}
Event: 40138.572 GC heap after
{Heap after GC invocations=68435 (full 59):
 PSYoungGen      total 9728K, used 1012K [0x00000000d5580000, 0x00000000d6200000, 0x0000000100000000)
  eden space 8704K, 0% used [0x00000000d5580000,0x00000000d5580000,0x00000000d5e00000)
  from space 1024K, 98% used [0x00000000d6080000,0x00000000d617d280,0x00000000d6180000)
  to   space 2048K, 0% used [0x00000000d5e00000,0x00000000d5e00000,0x00000000d6000000)
 ParOldGen       total 784896K, used 784592K [0x0000000080000000, 0x00000000afe80000, 0x00000000d5580000)
  object space 784896K, 99% used [0x0000000080000000,0x00000000afe34138,0x00000000afe80000)
 Metaspace       used 107780K, committed 109632K, reserved 1179648K
  class space    used 10108K, committed 11008K, reserved 1048576K
}
Event: 40138.583 GC heap before
{Heap before GC invocations=68436 (full 59):
 PSYoungGen      total 9728K, used 9716K [0x00000000d5580000, 0x00000000d6200000, 0x0000000100000000)
  eden space 8704K, 100% used [0x00000000d5580000,0x00000000d5e00000,0x00000000d5e00000)
  from space 1024K, 98% used [0x00000000d6080000,0x00000000d617d280,0x00000000d6180000)
  to   space 2048K, 0% used [0x00000000d5e00000,0x00000000d5e00000,0x00000000d6000000)
 ParOldGen       total 784896K, used 784592K [0x0000000080000000, 0x00000000afe80000, 0x00000000d5580000)
  object space 784896K, 99% used [0x0000000080000000,0x00000000afe34138,0x00000000afe80000)
 Metaspace       used 107780K, committed 109632K, reserved 1179648K
  class space    used 10108K, committed 11008K, reserved 1048576K
}
Event: 40138.585 GC heap after
{Heap after GC invocations=68436 (full 59):
 PSYoungGen      total 10752K, used 2036K [0x00000000d5580000, 0x00000000d6700000, 0x0000000100000000)
  eden space 8704K, 0% used [0x00000000d5580000,0x00000000d5580000,0x00000000d5e00000)
  from space 2048K, 99% used [0x00000000d5e00000,0x00000000d5ffd250,0x00000000d6000000)
  to   space 4608K, 0% used [0x00000000d6280000,0x00000000d6280000,0x00000000d6700000)
 ParOldGen       total 786432K, used 786295K [0x0000000080000000, 0x00000000b0000000, 0x00000000d5580000)
  object space 786432K, 99% used [0x0000000080000000,0x00000000affdde78,0x00000000b0000000)
 Metaspace       used 107780K, committed 109632K, reserved 1179648K
  class space    used 10108K, committed 11008K, reserved 1048576K
}
Event: 40138.608 GC heap before
{Heap before GC invocations=68437 (full 59):
 PSYoungGen      total 10752K, used 10740K [0x00000000d5580000, 0x00000000d6700000, 0x0000000100000000)
  eden space 8704K, 100% used [0x00000000d5580000,0x00000000d5e00000,0x00000000d5e00000)
  from space 2048K, 99% used [0x00000000d5e00000,0x00000000d5ffd250,0x00000000d6000000)
  to   space 4608K, 0% used [0x00000000d6280000,0x00000000d6280000,0x00000000d6700000)
 ParOldGen       total 786432K, used 786295K [0x0000000080000000, 0x00000000b0000000, 0x00000000d5580000)
  object space 786432K, 99% used [0x0000000080000000,0x00000000affdde78,0x00000000b0000000)
 Metaspace       used 107780K, committed 109632K, reserved 1179648K
  class space    used 10108K, committed 11008K, reserved 1048576K
}
Event: 40138.610 GC heap after
{Heap after GC invocations=68437 (full 59):
 PSYoungGen      total 11264K, used 2526K [0x00000000d5580000, 0x00000000d6500000, 0x0000000100000000)
  eden space 8704K, 0% used [0x00000000d5580000,0x00000000d5580000,0x00000000d5e00000)
  from space 2560K, 98% used [0x00000000d6280000,0x00000000d64f7858,0x00000000d6500000)
  to   space 3072K, 0% used [0x00000000d5f00000,0x00000000d5f00000,0x00000000d6200000)
 ParOldGen       total 788480K, used 788341K [0x0000000080000000, 0x00000000b0200000, 0x00000000d5580000)
  object space 788480K, 99% used [0x0000000080000000,0x00000000b01dd570,0x00000000b0200000)
 Metaspace       used 107780K, committed 109632K, reserved 1179648K
  class space    used 10108K, committed 11008K, reserved 1048576K
}
Event: 40138.698 GC heap before
{Heap before GC invocations=68438 (full 59):
 PSYoungGen      total 11264K, used 11230K [0x00000000d5580000, 0x00000000d6500000, 0x0000000100000000)
  eden space 8704K, 100% used [0x00000000d5580000,0x00000000d5e00000,0x00000000d5e00000)
  from space 2560K, 98% used [0x00000000d6280000,0x00000000d64f7858,0x00000000d6500000)
  to   space 3072K, 0% used [0x00000000d5f00000,0x00000000d5f00000,0x00000000d6200000)
 ParOldGen       total 788480K, used 788341K [0x0000000080000000, 0x00000000b0200000, 0x00000000d5580000)
  object space 788480K, 99% used [0x0000000080000000,0x00000000b01dd570,0x00000000b0200000)
 Metaspace       used 107780K, committed 109632K, reserved 1179648K
  class space    used 10108K, committed 11008K, reserved 1048576K
}
Event: 40138.701 GC heap after
{Heap after GC invocations=68438 (full 59):
 PSYoungGen      total 11776K, used 3058K [0x00000000d5580000, 0x00000000d6b00000, 0x0000000100000000)
  eden space 8704K, 0% used [0x00000000d5580000,0x00000000d5580000,0x00000000d5e00000)
  from space 3072K, 99% used [0x00000000d5f00000,0x00000000d61fca58,0x00000000d6200000)
  to   space 6656K, 0% used [0x00000000d6480000,0x00000000d6480000,0x00000000d6b00000)
 ParOldGen       total 791040K, used 790890K [0x0000000080000000, 0x00000000b0480000, 0x00000000d5580000)
  object space 791040K, 99% used [0x0000000080000000,0x00000000b045a918,0x00000000b0480000)
 Metaspace       used 107780K, committed 109632K, reserved 1179648K
  class space    used 10108K, committed 11008K, reserved 1048576K
}
Event: 40139.117 GC heap before
{Heap before GC invocations=68439 (full 59):
 PSYoungGen      total 11776K, used 11762K [0x00000000d5580000, 0x00000000d6b00000, 0x0000000100000000)
  eden space 8704K, 100% used [0x00000000d5580000,0x00000000d5e00000,0x00000000d5e00000)
  from space 3072K, 99% used [0x00000000d5f00000,0x00000000d61fca58,0x00000000d6200000)
  to   space 6656K, 0% used [0x00000000d6480000,0x00000000d6480000,0x00000000d6b00000)
 ParOldGen       total 791040K, used 790890K [0x0000000080000000, 0x00000000b0480000, 0x00000000d5580000)
  object space 791040K, 99% used [0x0000000080000000,0x00000000b045a918,0x00000000b0480000)
 Metaspace       used 107780K, committed 109632K, reserved 1179648K
  class space    used 10108K, committed 11008K, reserved 1048576K
}
Event: 40139.120 GC heap after
{Heap after GC invocations=68439 (full 59):
 PSYoungGen      total 10240K, used 1288K [0x00000000d5580000, 0x00000000d6600000, 0x0000000100000000)
  eden space 8704K, 0% used [0x00000000d5580000,0x00000000d5580000,0x00000000d5e00000)
  from space 1536K, 83% used [0x00000000d6480000,0x00000000d65c2370,0x00000000d6600000)
  to   space 3072K, 0% used [0x00000000d6000000,0x00000000d6000000,0x00000000d6300000)
 ParOldGen       total 792576K, used 792530K [0x0000000080000000, 0x00000000b0600000, 0x00000000d5580000)
  object space 792576K, 99% used [0x0000000080000000,0x00000000b05f4ac8,0x00000000b0600000)
 Metaspace       used 107780K, committed 109632K, reserved 1179648K
  class space    used 10108K, committed 11008K, reserved 1048576K
}
Event: 40139.130 GC heap before
{Heap before GC invocations=68440 (full 59):
 PSYoungGen      total 10240K, used 9992K [0x00000000d5580000, 0x00000000d6600000, 0x0000000100000000)
  eden space 8704K, 100% used [0x00000000d5580000,0x00000000d5e00000,0x00000000d5e00000)
  from space 1536K, 83% used [0x00000000d6480000,0x00000000d65c2370,0x00000000d6600000)
  to   space 3072K, 0% used [0x00000000d6000000,0x00000000d6000000,0x00000000d6300000)
 ParOldGen       total 792576K, used 792530K [0x0000000080000000, 0x00000000b0600000, 0x00000000d5580000)
  object space 792576K, 99% used [0x0000000080000000,0x00000000b05f4ac8,0x00000000b0600000)
 Metaspace       used 107780K, committed 109632K, reserved 1179648K
  class space    used 10108K, committed 11008K, reserved 1048576K
}
Event: 40139.132 GC heap after
{Heap after GC invocations=68440 (full 59):
 PSYoungGen      total 11776K, used 3070K [0x00000000d5580000, 0x00000000d6800000, 0x0000000100000000)
  eden space 8704K, 0% used [0x00000000d5580000,0x00000000d5580000,0x00000000d5e00000)
  from space 3072K, 99% used [0x00000000d6000000,0x00000000d62ff8e8,0x00000000d6300000)
  to   space 5120K, 0% used [0x00000000d6300000,0x00000000d6300000,0x00000000d6800000)
 ParOldGen       total 794112K, used 793791K [0x0000000080000000, 0x00000000b0780000, 0x00000000d5580000)
  object space 794112K, 99% used [0x0000000080000000,0x00000000b072fc88,0x00000000b0780000)
 Metaspace       used 107780K, committed 109632K, reserved 1179648K
  class space    used 10108K, committed 11008K, reserved 1048576K
}
Event: 40139.224 GC heap before
{Heap before GC invocations=68441 (full 59):
 PSYoungGen      total 11776K, used 11774K [0x00000000d5580000, 0x00000000d6800000, 0x0000000100000000)
  eden space 8704K, 100% used [0x00000000d5580000,0x00000000d5e00000,0x00000000d5e00000)
  from space 3072K, 99% used [0x00000000d6000000,0x00000000d62ff8e8,0x00000000d6300000)
  to   space 5120K, 0% used [0x00000000d6300000,0x00000000d6300000,0x00000000d6800000)
 ParOldGen       total 794112K, used 793791K [0x0000000080000000, 0x00000000b0780000, 0x00000000d5580000)
  object space 794112K, 99% used [0x0000000080000000,0x00000000b072fc88,0x00000000b0780000)
 Metaspace       used 107780K, committed 109632K, reserved 1179648K
  class space    used 10108K, committed 11008K, reserved 1048576K
}
Event: 40139.226 GC heap after
{Heap after GC invocations=68441 (full 59):
 PSYoungGen      total 12288K, used 3081K [0x00000000d5580000, 0x00000000d6680000, 0x0000000100000000)
  eden space 8704K, 0% used [0x00000000d5580000,0x00000000d5580000,0x00000000d5e00000)
  from space 3584K, 85% used [0x00000000d6300000,0x00000000d66026c8,0x00000000d6680000)
  to   space 3584K, 0% used [0x00000000d5f80000,0x00000000d5f80000,0x00000000d6300000)
 ParOldGen       total 795648K, used 795420K [0x0000000080000000, 0x00000000b0900000, 0x00000000d5580000)
  object space 795648K, 99% used [0x0000000080000000,0x00000000b08c7328,0x00000000b0900000)
 Metaspace       used 107780K, committed 109632K, reserved 1179648K
  class space    used 10108K, committed 11008K, reserved 1048576K
}
Event: 40139.239 GC heap before
{Heap before GC invocations=68442 (full 59):
 PSYoungGen      total 12288K, used 11785K [0x00000000d5580000, 0x00000000d6680000, 0x0000000100000000)
  eden space 8704K, 99% used [0x00000000d5580000,0x00000000d5dfffb0,0x00000000d5e00000)
  from space 3584K, 85% used [0x00000000d6300000,0x00000000d66026c8,0x00000000d6680000)
  to   space 3584K, 0% used [0x00000000d5f80000,0x00000000d5f80000,0x00000000d6300000)
 ParOldGen       total 795648K, used 795420K [0x0000000080000000, 0x00000000b0900000, 0x00000000d5580000)
  object space 795648K, 99% used [0x0000000080000000,0x00000000b08c7328,0x00000000b0900000)
 Metaspace       used 107780K, committed 109632K, reserved 1179648K
  class space    used 10108K, committed 11008K, reserved 1048576K
}
Event: 40139.241 GC heap after
{Heap after GC invocations=68442 (full 59):
 PSYoungGen      total 9728K, used 808K [0x00000000d5580000, 0x00000000d6380000, 0x0000000100000000)
  eden space 8704K, 0% used [0x00000000d5580000,0x00000000d5580000,0x00000000d5e00000)
  from space 1024K, 78% used [0x00000000d5f80000,0x00000000d604a310,0x00000000d6080000)
  to   space 2048K, 0% used [0x00000000d6180000,0x00000000d6180000,0x00000000d6380000)
 ParOldGen       total 797696K, used 797431K [0x0000000080000000, 0x00000000b0b00000, 0x00000000d5580000)
  object space 797696K, 99% used [0x0000000080000000,0x00000000b0abdf80,0x00000000b0b00000)
 Metaspace       used 107780K, committed 109632K, reserved 1179648K
  class space    used 10108K, committed 11008K, reserved 1048576K
}

